f:\d3d9-wrapper-master (1)\d3d9-wrapper-master\build\obj\win32\debug\vc143.pdb
f:\d3d9-wrapper-master (1)\d3d9-wrapper-master\build\obj\win32\debug\vc143.idb
f:\d3d9-wrapper-master (1)\d3d9-wrapper-master\build\obj\win32\debug\dllmain.obj
f:\d3d9-wrapper-master (1)\d3d9-wrapper-master\build\obj\win32\debug\interfacequery.obj
f:\d3d9-wrapper-master (1)\d3d9-wrapper-master\build\obj\win32\debug\idirect3dvolumetexture9.obj
f:\d3d9-wrapper-master (1)\d3d9-wrapper-master\build\obj\win32\debug\idirect3dvolume9.obj
f:\d3d9-wrapper-master (1)\d3d9-wrapper-master\build\obj\win32\debug\idirect3dvertexshader9.obj
f:\d3d9-wrapper-master (1)\d3d9-wrapper-master\build\obj\win32\debug\idirect3dvertexdeclaration9.obj
f:\d3d9-wrapper-master (1)\d3d9-wrapper-master\build\obj\win32\debug\idirect3dvertexbuffer9.obj
f:\d3d9-wrapper-master (1)\d3d9-wrapper-master\build\obj\win32\debug\idirect3dtexture9.obj
f:\d3d9-wrapper-master (1)\d3d9-wrapper-master\build\obj\win32\debug\idirect3dswapchain9ex.obj
f:\d3d9-wrapper-master (1)\d3d9-wrapper-master\build\obj\win32\debug\idirect3dsurface9.obj
f:\d3d9-wrapper-master (1)\d3d9-wrapper-master\build\obj\win32\debug\idirect3dstateblock9.obj
f:\d3d9-wrapper-master (1)\d3d9-wrapper-master\build\obj\win32\debug\idirect3dquery9.obj
f:\d3d9-wrapper-master (1)\d3d9-wrapper-master\build\obj\win32\debug\idirect3dpixelshader9.obj
f:\d3d9-wrapper-master (1)\d3d9-wrapper-master\build\obj\win32\debug\idirect3dindexbuffer9.obj
f:\d3d9-wrapper-master (1)\d3d9-wrapper-master\build\obj\win32\debug\idirect3ddevice9ex.obj
f:\d3d9-wrapper-master (1)\d3d9-wrapper-master\build\obj\win32\debug\idirect3dcubetexture9.obj
f:\d3d9-wrapper-master (1)\d3d9-wrapper-master\build\obj\win32\debug\idirect3d9ex.obj
f:\d3d9-wrapper-master (1)\d3d9-wrapper-master\data\d3d9.dll
f:\d3d9-wrapper-master (1)\d3d9-wrapper-master\data\d3d9.pdb
f:\d3d9-wrapper-master (1)\d3d9-wrapper-master\build\obj\win32\debug\versioninfo.res
f:\d3d9-wrapper-master (1)\d3d9-wrapper-master\data\d3d9.lib
f:\d3d9-wrapper-master (1)\d3d9-wrapper-master\data\d3d9.exp
f:\d3d9-wrapper-master (1)\d3d9-wrapper-master\build\obj\win32\debug\d3d9.ilk
f:\d3d9-wrapper-master (1)\d3d9-wrapper-master\build\obj\win32\debug\d3d9-wrapper.tlog\cl.command.1.tlog
f:\d3d9-wrapper-master (1)\d3d9-wrapper-master\build\obj\win32\debug\d3d9-wrapper.tlog\cl.items.tlog
f:\d3d9-wrapper-master (1)\d3d9-wrapper-master\build\obj\win32\debug\d3d9-wrapper.tlog\cl.read.1.tlog
f:\d3d9-wrapper-master (1)\d3d9-wrapper-master\build\obj\win32\debug\d3d9-wrapper.tlog\cl.write.1.tlog
f:\d3d9-wrapper-master (1)\d3d9-wrapper-master\build\obj\win32\debug\d3d9-wrapper.tlog\link.command.1.tlog
f:\d3d9-wrapper-master (1)\d3d9-wrapper-master\build\obj\win32\debug\d3d9-wrapper.tlog\link.read.1.tlog
f:\d3d9-wrapper-master (1)\d3d9-wrapper-master\build\obj\win32\debug\d3d9-wrapper.tlog\link.secondary.1.tlog
f:\d3d9-wrapper-master (1)\d3d9-wrapper-master\build\obj\win32\debug\d3d9-wrapper.tlog\link.write.1.tlog
f:\d3d9-wrapper-master (1)\d3d9-wrapper-master\build\obj\win32\debug\d3d9-wrapper.tlog\rc.command.1.tlog
f:\d3d9-wrapper-master (1)\d3d9-wrapper-master\build\obj\win32\debug\d3d9-wrapper.tlog\rc.read.1.tlog
f:\d3d9-wrapper-master (1)\d3d9-wrapper-master\build\obj\win32\debug\d3d9-wrapper.tlog\rc.write.1.tlog
